<?xml version="1.0" encoding="UTF-8"?>
<!-- Generated by org.testng.reporters.JUnitReportReporter -->
<testsuite hostname="DESKTOP-GNMDEN3" failures="0" tests="1" name="TestCases.VerifyTabs" time="17.513" errors="0" timestamp="4 Jun 2023 09:32:57 GMT">
  <testcase classname="TestCases.VerifyTabs" name="verifytab" time="17.513"/>
</testsuite> <!-- TestCases.VerifyTabs -->
