<?xml version="1.0" encoding="UTF-8"?>
<!-- Generated by org.testng.reporters.JUnitReportReporter -->
<testsuite hostname="DESKTOP-GNMDEN3" failures="0" tests="1" name="TestCases.VerifyRegistration" time="6.528" errors="0" timestamp="3 Jun 2023 15:51:51 GMT">
  <testcase classname="TestCases.VerifyRegistration" name="validRegistration" time="6.528"/>
</testsuite> <!-- TestCases.VerifyRegistration -->
