<?xml version="1.0" encoding="UTF-8"?>
<!-- Generated by org.testng.reporters.JUnitReportReporter -->
<testsuite hostname="DESKTOP-GNMDEN3" failures="0" tests="1" name="TestCases.VerifyAddToCart" time="17.808" errors="0" timestamp="4 Jun 2023 09:45:30 GMT">
  <testcase classname="TestCases.VerifyAddToCart" name="addcart1" time="17.808"/>
</testsuite> <!-- TestCases.VerifyAddToCart -->
